TN:
SF:src/deploy/providers/azure.ts
FN:12,(anonymous_0)
FN:20,(anonymous_1)
FN:27,(anonymous_2)
FN:98,(anonymous_3)
FNF:4
FNH:2
FNDA:2,(anonymous_0)
FNDA:0,(anonymous_1)
FNDA:2,(anonymous_2)
FNDA:0,(anonymous_3)
DA:1,1
DA:2,1
DA:3,1
DA:5,1
DA:7,1
DA:13,2
DA:14,2
DA:15,2
DA:16,2
DA:17,2
DA:21,0
DA:22,0
DA:23,0
DA:28,2
DA:29,2
DA:30,2
DA:31,2
DA:33,2
DA:67,1
DA:68,1
DA:69,1
DA:70,1
DA:72,1
DA:74,1
DA:75,0
DA:78,1
DA:79,1
DA:81,1
DA:82,0
DA:85,1
DA:86,1
DA:87,0
DA:90,1
DA:92,1
DA:93,1
DA:94,1
LF:36
LH:30
BRDA:22,0,0,0
BRDA:22,1,0,0
BRDA:22,1,1,0
BRDA:48,2,0,2
BRDA:48,2,1,0
BRDA:74,3,0,0
BRDA:81,4,0,0
BRDA:81,5,0,1
BRDA:81,5,1,1
BRDA:86,6,0,0
BRDA:93,7,0,1
BRDA:93,7,1,0
BRF:12
BRH:4
end_of_record
TN:
SF:src/deploy/providers/gcloud.ts
FN:9,(anonymous_1)
FN:16,(anonymous_2)
FN:23,(anonymous_3)
FN:64,(anonymous_4)
FNF:4
FNH:2
FNDA:2,(anonymous_1)
FNDA:0,(anonymous_2)
FNDA:2,(anonymous_3)
FNDA:0,(anonymous_4)
DA:1,1
DA:3,1
DA:5,1
DA:10,2
DA:11,2
DA:17,0
DA:18,0
DA:19,0
DA:24,2
DA:25,2
DA:26,2
DA:28,2
DA:29,2
DA:42,2
DA:43,1
DA:44,1
DA:45,1
DA:47,1
DA:48,0
DA:51,1
DA:52,1
DA:53,0
DA:56,1
DA:58,1
DA:59,1
DA:60,1
LF:26
LH:21
BRDA:18,0,0,0
BRDA:18,1,0,0
BRDA:18,1,1,0
BRDA:37,2,0,2
BRDA:37,2,1,0
BRDA:43,3,0,1
BRDA:43,3,1,0
BRDA:44,4,0,1
BRDA:44,4,1,0
BRDA:47,5,0,0
BRDA:47,6,0,1
BRDA:47,6,1,1
BRDA:52,7,0,0
BRDA:59,8,0,1
BRDA:59,8,1,0
BRF:15
BRH:6
end_of_record
TN:
SF:src/deploy/providers/vultr.ts
FN:9,(anonymous_0)
FN:15,(anonymous_1)
FN:22,(anonymous_2)
FN:56,(anonymous_3)
FNF:4
FNH:2
FNDA:2,(anonymous_0)
FNDA:0,(anonymous_1)
FNDA:2,(anonymous_2)
FNDA:0,(anonymous_3)
DA:1,1
DA:3,1
DA:5,1
DA:10,2
DA:11,2
DA:12,2
DA:16,0
DA:17,0
DA:18,0
DA:23,2
DA:24,2
DA:25,2
DA:27,2
DA:37,1
DA:39,1
DA:40,0
DA:43,1
DA:44,1
DA:45,0
DA:48,1
DA:50,1
DA:51,1
DA:52,1
LF:23
LH:18
BRDA:17,0,0,0
BRDA:32,1,0,2
BRDA:32,1,1,0
BRDA:39,2,0,0
BRDA:39,3,0,1
BRDA:39,3,1,1
BRDA:44,4,0,0
BRDA:51,5,0,1
BRDA:51,5,1,0
BRF:9
BRH:4
end_of_record
